<?xml version="1.0" encoding="UTF-8"?>
<testng-results ignored="0" total="1" passed="1" failed="0" skipped="0">
  <reporter-output>
  </reporter-output>
  <suite started-at="2024-07-15T22:48:47 IST" name="Default suite" finished-at="2024-07-15T22:49:18 IST" duration-ms="31202">
    <groups>
    </groups>
    <test started-at="2024-07-15T22:48:47 IST" name="Default test" finished-at="2024-07-15T22:49:18 IST" duration-ms="31202">
      <class name="tests.TestMyntra">
        <test-method is-config="true" signature="setUp()[pri:0, instance:tests.TestMyntra@4567f35d]" started-at="2024-07-15T22:48:47 IST" name="setUp" finished-at="2024-07-15T22:48:58 IST" duration-ms="11176" status="PASS">
          <reporter-output>
          </reporter-output>
        </test-method> <!-- setUp -->
        <test-method signature="testTShirts()[pri:0, instance:tests.TestMyntra@4567f35d]" started-at="2024-07-15T22:48:58 IST" name="testTShirts" finished-at="2024-07-15T22:49:18 IST" duration-ms="19973" status="PASS">
          <reporter-output>
          </reporter-output>
        </test-method> <!-- testTShirts -->
        <test-method is-config="true" signature="tearDown()[pri:0, instance:tests.TestMyntra@4567f35d]" started-at="2024-07-15T22:49:18 IST" name="tearDown" finished-at="2024-07-15T22:49:18 IST" duration-ms="1" status="PASS">
          <reporter-output>
          </reporter-output>
        </test-method> <!-- tearDown -->
      </class> <!-- tests.TestMyntra -->
    </test> <!-- Default test -->
  </suite> <!-- Default suite -->
</testng-results>
